2026-06-10 23:39:38 [ERROR]: ❌ Error obteniendo instancia autenticada {"error":"Operation `sessions.findOne()` buffering timed out after 10000ms"}
MongooseError: Operation `sessions.findOne()` buffering timed out after 10000ms
    at Timeout.<anonymous> (/home/soul/Escritorio/causas-backend/node_modules/mongoose/lib/drivers/node-mongodb-native/collection.js:185:23)
    at listOnTimeout (node:internal/timers:605:17)
    at process.processTimers (node:internal/timers:541:7)
2026-06-10 23:39:38 [ERROR]: ❌ Error en el scraper autenticado {"error":"Operation `sessions.findOne()` buffering timed out after 10000ms","params":{"rol":"C-21503-2024","tribune":"273","competencia":"3","corteId":"90"}}
MongooseError: Operation `sessions.findOne()` buffering timed out after 10000ms
    at Timeout.<anonymous> (/home/soul/Escritorio/causas-backend/node_modules/mongoose/lib/drivers/node-mongodb-native/collection.js:185:23)
    at listOnTimeout (node:internal/timers:605:17)
    at process.processTimers (node:internal/timers:541:7)
2026-06-10 23:47:29 [ERROR]: ❌ Error en el scraper autenticado {"error":"Cannot read properties of undefined (reading 'getPage')","params":{"rol":"C-21503-2024","tribune":"273","competencia":"3","corteId":"90"}}
TypeError: Cannot read properties of undefined (reading 'getPage')
    at get page (/home/soul/Escritorio/causas-backend/utils/causes/unified-query/unified-query.js:448:28)
    at UnifiedQuery.goUnifiedQuery (/home/soul/Escritorio/causas-backend/utils/causes/unified-query/unified-query.js:44:43)
    at UnifiedQuery.factory (/home/soul/Escritorio/causas-backend/utils/causes/unified-query/unified-query.js:36:20)
    at async scrapRawDataAuth (/home/soul/Escritorio/causas-backend/utils/scrapper-auth.js:339:5)
    at async testScraperAuth (/home/soul/Escritorio/causas-backend/scripts/test-scraper-auth.js:59:24)
2026-06-10 23:53:45 [ERROR]: ❌ Error obteniendo instancia autenticada {"error":"Navigation timeout of 30000 ms exceeded"}
TimeoutError: Navigation timeout of 30000 ms exceeded
    at LifecycleWatcher._LifecycleWatcher_createTimeoutPromise (/home/soul/Escritorio/causas-backend/node_modules/puppeteer/lib/cjs/puppeteer/common/LifecycleWatcher.js:146:12)
    at async FrameManager.waitForFrameNavigation (/home/soul/Escritorio/causas-backend/node_modules/puppeteer/lib/cjs/puppeteer/common/FrameManager.js:209:23)
    at async Frame.waitForNavigation (/home/soul/Escritorio/causas-backend/node_modules/puppeteer/lib/cjs/puppeteer/common/FrameManager.js:613:16)
    at async Page.waitForNavigation (/home/soul/Escritorio/causas-backend/node_modules/puppeteer/lib/cjs/puppeteer/common/Page.js:1150:16)
    at async performClaveUnicaLogin (/home/soul/Escritorio/causas-backend/utils/scrapper-auth.js:169:3)
    at async getAuthScrapeInstance (/home/soul/Escritorio/causas-backend/utils/scrapper-auth.js:304:5)
    at async scrapRawDataAuth (/home/soul/Escritorio/causas-backend/utils/scrapper-auth.js:363:20)
    at async testScraperAuth (/home/soul/Escritorio/causas-backend/scripts/test-scraper-auth.js:60:24)
2026-06-10 23:53:45 [ERROR]: ❌ Error en el scraper autenticado {"error":"Navigation timeout of 30000 ms exceeded","params":{"rol":"C-21503-2024","tribune":"273","competencia":"3","corteId":"90"}}
TimeoutError: Navigation timeout of 30000 ms exceeded
    at LifecycleWatcher._LifecycleWatcher_createTimeoutPromise (/home/soul/Escritorio/causas-backend/node_modules/puppeteer/lib/cjs/puppeteer/common/LifecycleWatcher.js:146:12)
    at async FrameManager.waitForFrameNavigation (/home/soul/Escritorio/causas-backend/node_modules/puppeteer/lib/cjs/puppeteer/common/FrameManager.js:209:23)
    at async Frame.waitForNavigation (/home/soul/Escritorio/causas-backend/node_modules/puppeteer/lib/cjs/puppeteer/common/FrameManager.js:613:16)
    at async Page.waitForNavigation (/home/soul/Escritorio/causas-backend/node_modules/puppeteer/lib/cjs/puppeteer/common/Page.js:1150:16)
    at async performClaveUnicaLogin (/home/soul/Escritorio/causas-backend/utils/scrapper-auth.js:169:3)
    at async getAuthScrapeInstance (/home/soul/Escritorio/causas-backend/utils/scrapper-auth.js:304:5)
    at async scrapRawDataAuth (/home/soul/Escritorio/causas-backend/utils/scrapper-auth.js:363:20)
    at async testScraperAuth (/home/soul/Escritorio/causas-backend/scripts/test-scraper-auth.js:60:24)
2026-06-10 23:59:27 [ERROR]: ❌ Error obteniendo instancia autenticada {"error":"waiting for selector `input#uname` failed: timeout 10000ms exceeded"}
TimeoutError: waiting for selector `input#uname` failed: timeout 10000ms exceeded
    at new WaitTask (/home/soul/Escritorio/causas-backend/node_modules/puppeteer/lib/cjs/puppeteer/common/DOMWorld.js:636:34)
    at DOMWorld._waitForSelectorInPage (/home/soul/Escritorio/causas-backend/node_modules/puppeteer/lib/cjs/puppeteer/common/DOMWorld.js:520:26)
    at internalHandler.waitFor (/home/soul/Escritorio/causas-backend/node_modules/puppeteer/lib/cjs/puppeteer/common/QueryHandler.js:34:29)
    at DOMWorld.waitForSelector (/home/soul/Escritorio/causas-backend/node_modules/puppeteer/lib/cjs/puppeteer/common/DOMWorld.js:455:36)
    at Frame.waitForSelector (/home/soul/Escritorio/causas-backend/node_modules/puppeteer/lib/cjs/puppeteer/common/FrameManager.js:980:51)
    at Page.waitForSelector (/home/soul/Escritorio/causas-backend/node_modules/puppeteer/lib/cjs/puppeteer/common/Page.js:2221:39)
    at performClaveUnicaLogin (/home/soul/Escritorio/causas-backend/utils/scrapper-auth.js:192:14)
    at async getAuthScrapeInstance (/home/soul/Escritorio/causas-backend/utils/scrapper-auth.js:306:5)
    at async scrapRawDataAuth (/home/soul/Escritorio/causas-backend/utils/scrapper-auth.js:365:20)
    at async testScraperAuth (/home/soul/Escritorio/causas-backend/scripts/test-scraper-auth.js:60:24)
2026-06-10 23:59:27 [ERROR]: ❌ Error en el scraper autenticado {"error":"waiting for selector `input#uname` failed: timeout 10000ms exceeded","params":{"rol":"C-21503-2024","tribune":"273","competencia":"3","corteId":"90"}}
TimeoutError: waiting for selector `input#uname` failed: timeout 10000ms exceeded
    at new WaitTask (/home/soul/Escritorio/causas-backend/node_modules/puppeteer/lib/cjs/puppeteer/common/DOMWorld.js:636:34)
    at DOMWorld._waitForSelectorInPage (/home/soul/Escritorio/causas-backend/node_modules/puppeteer/lib/cjs/puppeteer/common/DOMWorld.js:520:26)
    at internalHandler.waitFor (/home/soul/Escritorio/causas-backend/node_modules/puppeteer/lib/cjs/puppeteer/common/QueryHandler.js:34:29)
    at DOMWorld.waitForSelector (/home/soul/Escritorio/causas-backend/node_modules/puppeteer/lib/cjs/puppeteer/common/DOMWorld.js:455:36)
    at Frame.waitForSelector (/home/soul/Escritorio/causas-backend/node_modules/puppeteer/lib/cjs/puppeteer/common/FrameManager.js:980:51)
    at Page.waitForSelector (/home/soul/Escritorio/causas-backend/node_modules/puppeteer/lib/cjs/puppeteer/common/Page.js:2221:39)
    at performClaveUnicaLogin (/home/soul/Escritorio/causas-backend/utils/scrapper-auth.js:192:14)
    at async getAuthScrapeInstance (/home/soul/Escritorio/causas-backend/utils/scrapper-auth.js:306:5)
    at async scrapRawDataAuth (/home/soul/Escritorio/causas-backend/utils/scrapper-auth.js:365:20)
    at async testScraperAuth (/home/soul/Escritorio/causas-backend/scripts/test-scraper-auth.js:60:24)
2026-06-11 00:11:51 [ERROR]: ❌ Error en scraper {"error":"waiting for selector `select#competencia` failed: timeout 30000ms exceeded"}
TimeoutError: waiting for selector `select#competencia` failed: timeout 30000ms exceeded
    at new WaitTask (/home/soul/Escritorio/causas-backend/node_modules/puppeteer/lib/cjs/puppeteer/common/DOMWorld.js:636:34)
    at DOMWorld._waitForSelectorInPage (/home/soul/Escritorio/causas-backend/node_modules/puppeteer/lib/cjs/puppeteer/common/DOMWorld.js:520:26)
    at internalHandler.waitFor (/home/soul/Escritorio/causas-backend/node_modules/puppeteer/lib/cjs/puppeteer/common/QueryHandler.js:34:29)
    at DOMWorld.waitForSelector (/home/soul/Escritorio/causas-backend/node_modules/puppeteer/lib/cjs/puppeteer/common/DOMWorld.js:455:36)
    at Frame.waitForSelector (/home/soul/Escritorio/causas-backend/node_modules/puppeteer/lib/cjs/puppeteer/common/FrameManager.js:980:51)
    at Page.waitForSelector (/home/soul/Escritorio/causas-backend/node_modules/puppeteer/lib/cjs/puppeteer/common/Page.js:2221:39)
    at UnifiedQuery.goUnifiedQuery (/home/soul/Escritorio/causas-backend/utils/causes/unified-query/unified-query.js:90:33)
    at async UnifiedQuery.factory (/home/soul/Escritorio/causas-backend/utils/causes/unified-query/unified-query.js:36:9)
    at async scrapRawDataAuth (/home/soul/Escritorio/causas-backend/utils/scrapper-auth.js:339:5)
    at async testScraperAuth (/home/soul/Escritorio/causas-backend/scripts/test-scraper-auth.js:60:24)
2026-06-11 00:24:52 [ERROR]: ❌ Error en el scraper autenticado {"error":"Protocol error (Page.reload): Session closed. Most likely the page has been closed.","params":{"rol":"C-21503-2024","tribune":"273","competencia":"3","corteId":"90"}}
Error: Protocol error (Page.reload): Session closed. Most likely the page has been closed.
    at CDPSession.send (/home/soul/Escritorio/causas-backend/node_modules/puppeteer/lib/cjs/puppeteer/common/Connection.js:265:35)
    at next (/home/soul/Escritorio/causas-backend/node_modules/puppeteer-extra-plugin-stealth/evasions/sourceurl/index.js:34:41)
    at CDPSession.send (/home/soul/Escritorio/causas-backend/node_modules/puppeteer-extra-plugin-stealth/evasions/sourceurl/index.js:54:18)
    at Page.reload (/home/soul/Escritorio/causas-backend/node_modules/puppeteer/lib/cjs/puppeteer/common/Page.js:1120:61)
    at UnifiedQuery.goUnifiedQuery (/home/soul/Escritorio/causas-backend/utils/causes/unified-query/unified-query.js:99:33)
    at async UnifiedQuery.factory (/home/soul/Escritorio/causas-backend/utils/causes/unified-query/unified-query.js:36:9)
    at async scrapRawDataAuth (/home/soul/Escritorio/causas-backend/utils/scrapper-auth.js:491:5)
    at async testScraperAuth (/home/soul/Escritorio/causas-backend/scripts/test-scraper-auth.js:60:24)
2026-06-11 00:28:53 [ERROR]: ❌ Error inyectando sesión {"error":"Evaluation failed: SecurityError: Failed to read the 'localStorage' property from 'Window': Access is denied for this document."}
2026-06-11 00:29:25 [ERROR]: ❌ Error en el scraper autenticado {"error":"Protocol error (Page.reload): Session closed. Most likely the page has been closed.","params":{"rol":"C-21503-2024","tribune":"273","competencia":"3","corteId":"90"}}
Error: Protocol error (Page.reload): Session closed. Most likely the page has been closed.
    at CDPSession.send (/home/soul/Escritorio/causas-backend/node_modules/puppeteer/lib/cjs/puppeteer/common/Connection.js:265:35)
    at next (/home/soul/Escritorio/causas-backend/node_modules/puppeteer-extra-plugin-stealth/evasions/sourceurl/index.js:34:41)
    at CDPSession.send (/home/soul/Escritorio/causas-backend/node_modules/puppeteer-extra-plugin-stealth/evasions/sourceurl/index.js:54:18)
    at Page.reload (/home/soul/Escritorio/causas-backend/node_modules/puppeteer/lib/cjs/puppeteer/common/Page.js:1120:61)
    at UnifiedQuery.goUnifiedQuery (/home/soul/Escritorio/causas-backend/utils/causes/unified-query/unified-query.js:99:33)
    at async UnifiedQuery.factory (/home/soul/Escritorio/causas-backend/utils/causes/unified-query/unified-query.js:36:9)
    at async scrapRawDataAuth (/home/soul/Escritorio/causas-backend/utils/scrapper-auth.js:491:5)
    at async testScraperAuth (/home/soul/Escritorio/causas-backend/scripts/test-scraper-auth.js:60:24)
2026-06-11 00:34:09 [ERROR]: ❌ Error inyectando sesión {"error":"Evaluation failed: SecurityError: Failed to read the 'localStorage' property from 'Window': Access is denied for this document."}
2026-06-11 00:34:19 [ERROR]: ❌ Error obteniendo instancia {"error":"No se encontró el botón de Clave Única"}
Error: No se encontró el botón de Clave Única
    at performClaveUnicaLogin (/home/soul/Escritorio/causas-backend/utils/scrapper-auth.js:277:11)
    at async getAuthScrapeInstance (/home/soul/Escritorio/causas-backend/utils/scrapper-auth.js:385:5)
    at async scrapRawDataAuth (/home/soul/Escritorio/causas-backend/utils/scrapper-auth.js:420:31)
    at async testScraperAuth (/home/soul/Escritorio/causas-backend/scripts/test-scraper-auth.js:60:24)
2026-06-11 00:34:19 [ERROR]: ❌ Error en scraper {"error":"No se encontró el botón de Clave Única"}
Error: No se encontró el botón de Clave Única
    at performClaveUnicaLogin (/home/soul/Escritorio/causas-backend/utils/scrapper-auth.js:277:11)
    at async getAuthScrapeInstance (/home/soul/Escritorio/causas-backend/utils/scrapper-auth.js:385:5)
    at async scrapRawDataAuth (/home/soul/Escritorio/causas-backend/utils/scrapper-auth.js:420:31)
    at async testScraperAuth (/home/soul/Escritorio/causas-backend/scripts/test-scraper-auth.js:60:24)
2026-06-11 06:42:21 [ERROR]: ❌ Error obteniendo instancia {"error":"performClaveUnicaLogin is not defined"}
ReferenceError: performClaveUnicaLogin is not defined
    at getAuthScrapeInstance (/home/soul/Escritorio/causas-backend/utils/scrapper-auth.js:453:5)
    at async scrapRawDataAuth (/home/soul/Escritorio/causas-backend/utils/scrapper-auth.js:495:31)
    at async testScraperAuth (/home/soul/Escritorio/causas-backend/scripts/test-scraper-auth.js:60:24)
2026-06-11 06:42:21 [ERROR]: ❌ Error en el scraper autenticado {"error":"performClaveUnicaLogin is not defined","params":{"rol":"C-21503-2024","tribune":"273","competencia":"3","corteId":"90"}}
ReferenceError: performClaveUnicaLogin is not defined
    at getAuthScrapeInstance (/home/soul/Escritorio/causas-backend/utils/scrapper-auth.js:453:5)
    at async scrapRawDataAuth (/home/soul/Escritorio/causas-backend/utils/scrapper-auth.js:495:31)
    at async testScraperAuth (/home/soul/Escritorio/causas-backend/scripts/test-scraper-auth.js:60:24)
2026-06-11 09:31:38 [ERROR]: ❌ Error obteniendo instancia {"error":"waiting for selector `input#uname` failed: timeout 60000ms exceeded"}
TimeoutError: waiting for selector `input#uname` failed: timeout 60000ms exceeded
    at new WaitTask (/home/soul/Escritorio/causas-backend/node_modules/puppeteer/lib/cjs/puppeteer/common/DOMWorld.js:636:34)
    at DOMWorld._waitForSelectorInPage (/home/soul/Escritorio/causas-backend/node_modules/puppeteer/lib/cjs/puppeteer/common/DOMWorld.js:520:26)
    at internalHandler.waitFor (/home/soul/Escritorio/causas-backend/node_modules/puppeteer/lib/cjs/puppeteer/common/QueryHandler.js:34:29)
    at DOMWorld.waitForSelector (/home/soul/Escritorio/causas-backend/node_modules/puppeteer/lib/cjs/puppeteer/common/DOMWorld.js:455:36)
    at Frame.waitForSelector (/home/soul/Escritorio/causas-backend/node_modules/puppeteer/lib/cjs/puppeteer/common/FrameManager.js:980:51)
    at Page.waitForSelector (/home/soul/Escritorio/causas-backend/node_modules/puppeteer/lib/cjs/puppeteer/common/Page.js:2221:39)
    at performClaveUnicaLogin (/home/soul/Escritorio/causas-backend/utils/scrapper-auth.js:325:14)
    at runNextTicks (node:internal/process/task_queues:65:5)
    at listOnTimeout (node:internal/timers:567:9)
    at process.processTimers (node:internal/timers:541:7)
2026-06-11 09:31:38 [ERROR]: ❌ Error en el scraper autenticado {"error":"waiting for selector `input#uname` failed: timeout 60000ms exceeded","params":{"rol":"C-21503-2024","tribune":"273","competencia":"3","corteId":"90"}}
TimeoutError: waiting for selector `input#uname` failed: timeout 60000ms exceeded
    at new WaitTask (/home/soul/Escritorio/causas-backend/node_modules/puppeteer/lib/cjs/puppeteer/common/DOMWorld.js:636:34)
    at DOMWorld._waitForSelectorInPage (/home/soul/Escritorio/causas-backend/node_modules/puppeteer/lib/cjs/puppeteer/common/DOMWorld.js:520:26)
    at internalHandler.waitFor (/home/soul/Escritorio/causas-backend/node_modules/puppeteer/lib/cjs/puppeteer/common/QueryHandler.js:34:29)
    at DOMWorld.waitForSelector (/home/soul/Escritorio/causas-backend/node_modules/puppeteer/lib/cjs/puppeteer/common/DOMWorld.js:455:36)
    at Frame.waitForSelector (/home/soul/Escritorio/causas-backend/node_modules/puppeteer/lib/cjs/puppeteer/common/FrameManager.js:980:51)
    at Page.waitForSelector (/home/soul/Escritorio/causas-backend/node_modules/puppeteer/lib/cjs/puppeteer/common/Page.js:2221:39)
    at performClaveUnicaLogin (/home/soul/Escritorio/causas-backend/utils/scrapper-auth.js:325:14)
    at runNextTicks (node:internal/process/task_queues:65:5)
    at listOnTimeout (node:internal/timers:567:9)
    at process.processTimers (node:internal/timers:541:7)
2026-06-11 13:39:43 [ERROR]: ❌ Error obteniendo instancia {"error":"Cannot read properties of null (reading 'click')"}
TypeError: Cannot read properties of null (reading 'click')
    at performClaveUnicaLogin (/home/soul/Escritorio/causas-backend/utils/scrapper-auth.js:345:18)
    at async getAuthScrapeInstance (/home/soul/Escritorio/causas-backend/utils/scrapper-auth.js:447:5)
    at async scrapRawDataAuth (/home/soul/Escritorio/causas-backend/utils/scrapper-auth.js:489:31)
    at async testScraperAuth (/home/soul/Escritorio/causas-backend/scripts/test-scraper-auth.js:60:24)
2026-06-11 13:39:43 [ERROR]: ❌ Error en el scraper autenticado {"error":"Cannot read properties of null (reading 'click')","params":{"rol":"C-21503-2024","tribune":"273","competencia":"3","corteId":"90"}}
TypeError: Cannot read properties of null (reading 'click')
    at performClaveUnicaLogin (/home/soul/Escritorio/causas-backend/utils/scrapper-auth.js:345:18)
    at async getAuthScrapeInstance (/home/soul/Escritorio/causas-backend/utils/scrapper-auth.js:447:5)
    at async scrapRawDataAuth (/home/soul/Escritorio/causas-backend/utils/scrapper-auth.js:489:31)
    at async testScraperAuth (/home/soul/Escritorio/causas-backend/scripts/test-scraper-auth.js:60:24)
2026-06-11 13:42:27 [ERROR]: ❌ Error obteniendo instancia {"error":"Cannot read properties of null (reading 'click')"}
TypeError: Cannot read properties of null (reading 'click')
    at performClaveUnicaLogin (/home/soul/Escritorio/causas-backend/utils/scrapper-auth.js:345:18)
    at async getAuthScrapeInstance (/home/soul/Escritorio/causas-backend/utils/scrapper-auth.js:447:5)
    at async scrapRawDataAuth (/home/soul/Escritorio/causas-backend/utils/scrapper-auth.js:489:31)
    at async testScraperAuth (/home/soul/Escritorio/causas-backend/scripts/test-scraper-auth.js:60:24)
2026-06-11 13:42:27 [ERROR]: ❌ Error en el scraper autenticado {"error":"Cannot read properties of null (reading 'click')","params":{"rol":"C-21503-2024","tribune":"273","competencia":"3","corteId":"90"}}
TypeError: Cannot read properties of null (reading 'click')
    at performClaveUnicaLogin (/home/soul/Escritorio/causas-backend/utils/scrapper-auth.js:345:18)
    at async getAuthScrapeInstance (/home/soul/Escritorio/causas-backend/utils/scrapper-auth.js:447:5)
    at async scrapRawDataAuth (/home/soul/Escritorio/causas-backend/utils/scrapper-auth.js:489:31)
    at async testScraperAuth (/home/soul/Escritorio/causas-backend/scripts/test-scraper-auth.js:60:24)
2026-06-11 14:00:46 [ERROR]: ❌ Error obteniendo instancia {"error":"Cannot read properties of null (reading 'click')"}
TypeError: Cannot read properties of null (reading 'click')
    at performClaveUnicaLogin (/home/soul/Escritorio/causas-backend/utils/scrapper-auth.js:351:18)
    at async getAuthScrapeInstance (/home/soul/Escritorio/causas-backend/utils/scrapper-auth.js:453:5)
    at async scrapRawDataAuth (/home/soul/Escritorio/causas-backend/utils/scrapper-auth.js:495:31)
    at async testScraperAuth (/home/soul/Escritorio/causas-backend/scripts/test-scraper-auth.js:60:24)
2026-06-11 14:00:46 [ERROR]: ❌ Error en el scraper autenticado {"error":"Cannot read properties of null (reading 'click')","params":{"rol":"C-21503-2024","tribune":"273","competencia":"3","corteId":"90"}}
TypeError: Cannot read properties of null (reading 'click')
    at performClaveUnicaLogin (/home/soul/Escritorio/causas-backend/utils/scrapper-auth.js:351:18)
    at async getAuthScrapeInstance (/home/soul/Escritorio/causas-backend/utils/scrapper-auth.js:453:5)
    at async scrapRawDataAuth (/home/soul/Escritorio/causas-backend/utils/scrapper-auth.js:495:31)
    at async testScraperAuth (/home/soul/Escritorio/causas-backend/scripts/test-scraper-auth.js:60:24)
2026-06-11 14:21:26 [ERROR]: ❌ Error obteniendo instancia {"error":"No se detectó navegación a indexN.php. URL actual: https://ojv.pjud.cl/kpitec-ojv-web/index?auth-token=5BQO9AnnTBn1oToVNjDNnn9AWgEANvcNhP%2FbyC3ZNaA%3D&&session=CU"}
Error: No se detectó navegación a indexN.php. URL actual: https://ojv.pjud.cl/kpitec-ojv-web/index?auth-token=5BQO9AnnTBn1oToVNjDNnn9AWgEANvcNhP%2FbyC3ZNaA%3D&&session=CU
    at performManualAuth (/home/soul/Escritorio/causas-backend/utils/scrapper-auth.js:212:11)
    at async getAuthScrapeInstance (/home/soul/Escritorio/causas-backend/utils/scrapper-auth.js:286:5)
    at async scrapRawDataAuth (/home/soul/Escritorio/causas-backend/utils/scrapper-auth.js:312:31)
    at async testScraperAuth (/home/soul/Escritorio/causas-backend/scripts/test-scraper-auth.js:60:24)
2026-06-11 14:21:26 [ERROR]: ❌ Error en scraper {"error":"No se detectó navegación a indexN.php. URL actual: https://ojv.pjud.cl/kpitec-ojv-web/index?auth-token=5BQO9AnnTBn1oToVNjDNnn9AWgEANvcNhP%2FbyC3ZNaA%3D&&session=CU"}
Error: No se detectó navegación a indexN.php. URL actual: https://ojv.pjud.cl/kpitec-ojv-web/index?auth-token=5BQO9AnnTBn1oToVNjDNnn9AWgEANvcNhP%2FbyC3ZNaA%3D&&session=CU
    at performManualAuth (/home/soul/Escritorio/causas-backend/utils/scrapper-auth.js:212:11)
    at async getAuthScrapeInstance (/home/soul/Escritorio/causas-backend/utils/scrapper-auth.js:286:5)
    at async scrapRawDataAuth (/home/soul/Escritorio/causas-backend/utils/scrapper-auth.js:312:31)
    at async testScraperAuth (/home/soul/Escritorio/causas-backend/scripts/test-scraper-auth.js:60:24)
2026-06-11 14:48:58 [ERROR]: ❌ Error obteniendo instancia de Firefox {"error":"Failed to launch Firefox!\n\n"}
Error: Failed to launch Firefox!


    at onClose (/home/soul/node_modules/puppeteer-firefox/lib/Launcher.js:263:14)
    at Interface.<anonymous> (/home/soul/node_modules/puppeteer-firefox/lib/Launcher.js:252:50)
    at Interface.emit (node:events:521:24)
    at Interface.close (node:internal/readline/interface:555:10)
    at Socket.onend (node:internal/readline/interface:273:10)
    at Socket.emit (node:events:521:24)
    at endReadableNT (node:internal/streams/readable:1735:12)
    at process.processTicksAndRejections (node:internal/process/task_queues:90:21)
  -- ASYNC --
    at Puppeteer.<anonymous> (/home/soul/node_modules/puppeteer-firefox/lib/helper.js:32:15)
    at createFirefoxBrowser (/home/soul/Escritorio/causas-backend/utils/scrapper-auth.js:102:35)
    at getAuthScrapeInstance (/home/soul/Escritorio/causas-backend/utils/scrapper-auth.js:329:37)
    at process.processTicksAndRejections (node:internal/process/task_queues:104:5)
    at async scrapRawDataAuth (/home/soul/Escritorio/causas-backend/utils/scrapper-auth.js:399:31)
    at async testScraperAuth (/home/soul/Escritorio/causas-backend/scripts/test-scraper-auth.js:60:24)
2026-06-11 14:48:58 [ERROR]: ❌ Error en el scraper autenticado {"error":"Failed to launch Firefox!\n\n","params":{"rol":"C-21503-2024","tribune":"273","competencia":"3","corteId":"90"}}
Error: Failed to launch Firefox!


    at onClose (/home/soul/node_modules/puppeteer-firefox/lib/Launcher.js:263:14)
    at Interface.<anonymous> (/home/soul/node_modules/puppeteer-firefox/lib/Launcher.js:252:50)
    at Interface.emit (node:events:521:24)
    at Interface.close (node:internal/readline/interface:555:10)
    at Socket.onend (node:internal/readline/interface:273:10)
    at Socket.emit (node:events:521:24)
    at endReadableNT (node:internal/streams/readable:1735:12)
    at process.processTicksAndRejections (node:internal/process/task_queues:90:21)
  -- ASYNC --
    at Puppeteer.<anonymous> (/home/soul/node_modules/puppeteer-firefox/lib/helper.js:32:15)
    at createFirefoxBrowser (/home/soul/Escritorio/causas-backend/utils/scrapper-auth.js:102:35)
    at getAuthScrapeInstance (/home/soul/Escritorio/causas-backend/utils/scrapper-auth.js:329:37)
    at process.processTicksAndRejections (node:internal/process/task_queues:104:5)
    at async scrapRawDataAuth (/home/soul/Escritorio/causas-backend/utils/scrapper-auth.js:399:31)
    at async testScraperAuth (/home/soul/Escritorio/causas-backend/scripts/test-scraper-auth.js:60:24)
2026-06-11 14:49:21 [ERROR]: ❌ Error obteniendo instancia de Firefox {"error":"Failed to launch Firefox!\n\n"}
Error: Failed to launch Firefox!


    at onClose (/home/soul/node_modules/puppeteer-firefox/lib/Launcher.js:263:14)
    at Interface.<anonymous> (/home/soul/node_modules/puppeteer-firefox/lib/Launcher.js:252:50)
    at Interface.emit (node:events:521:24)
    at Interface.close (node:internal/readline/interface:555:10)
    at Socket.onend (node:internal/readline/interface:273:10)
    at Socket.emit (node:events:521:24)
    at endReadableNT (node:internal/streams/readable:1735:12)
    at process.processTicksAndRejections (node:internal/process/task_queues:90:21)
  -- ASYNC --
    at Puppeteer.<anonymous> (/home/soul/node_modules/puppeteer-firefox/lib/helper.js:32:15)
    at createFirefoxBrowser (/home/soul/Escritorio/causas-backend/utils/scrapper-auth.js:102:35)
    at getAuthScrapeInstance (/home/soul/Escritorio/causas-backend/utils/scrapper-auth.js:329:37)
    at process.processTicksAndRejections (node:internal/process/task_queues:104:5)
    at async scrapRawDataAuth (/home/soul/Escritorio/causas-backend/utils/scrapper-auth.js:399:31)
    at async testScraperAuth (/home/soul/Escritorio/causas-backend/scripts/test-scraper-auth.js:60:24)
2026-06-11 14:49:21 [ERROR]: ❌ Error en el scraper autenticado {"error":"Failed to launch Firefox!\n\n","params":{"rol":"C-21503-2024","tribune":"273","competencia":"3","corteId":"90"}}
Error: Failed to launch Firefox!


    at onClose (/home/soul/node_modules/puppeteer-firefox/lib/Launcher.js:263:14)
    at Interface.<anonymous> (/home/soul/node_modules/puppeteer-firefox/lib/Launcher.js:252:50)
    at Interface.emit (node:events:521:24)
    at Interface.close (node:internal/readline/interface:555:10)
    at Socket.onend (node:internal/readline/interface:273:10)
    at Socket.emit (node:events:521:24)
    at endReadableNT (node:internal/streams/readable:1735:12)
    at process.processTicksAndRejections (node:internal/process/task_queues:90:21)
  -- ASYNC --
    at Puppeteer.<anonymous> (/home/soul/node_modules/puppeteer-firefox/lib/helper.js:32:15)
    at createFirefoxBrowser (/home/soul/Escritorio/causas-backend/utils/scrapper-auth.js:102:35)
    at getAuthScrapeInstance (/home/soul/Escritorio/causas-backend/utils/scrapper-auth.js:329:37)
    at process.processTicksAndRejections (node:internal/process/task_queues:104:5)
    at async scrapRawDataAuth (/home/soul/Escritorio/causas-backend/utils/scrapper-auth.js:399:31)
    at async testScraperAuth (/home/soul/Escritorio/causas-backend/scripts/test-scraper-auth.js:60:24)
2026-06-11 14:51:23 [ERROR]: ❌ Error obteniendo instancia de Firefox {"error":"Failed to launch Firefox!\n\n"}
Error: Failed to launch Firefox!


    at onClose (/home/soul/node_modules/puppeteer-firefox/lib/Launcher.js:263:14)
    at Interface.<anonymous> (/home/soul/node_modules/puppeteer-firefox/lib/Launcher.js:252:50)
    at Interface.emit (node:events:521:24)
    at Interface.close (node:internal/readline/interface:555:10)
    at Socket.onend (node:internal/readline/interface:273:10)
    at Socket.emit (node:events:521:24)
    at endReadableNT (node:internal/streams/readable:1735:12)
    at process.processTicksAndRejections (node:internal/process/task_queues:90:21)
  -- ASYNC --
    at Puppeteer.<anonymous> (/home/soul/node_modules/puppeteer-firefox/lib/helper.js:32:15)
    at createFirefoxBrowser (/home/soul/Escritorio/causas-backend/utils/scrapper-auth.js:102:35)
    at getAuthScrapeInstance (/home/soul/Escritorio/causas-backend/utils/scrapper-auth.js:329:37)
    at process.processTicksAndRejections (node:internal/process/task_queues:104:5)
    at async scrapRawDataAuth (/home/soul/Escritorio/causas-backend/utils/scrapper-auth.js:399:31)
    at async testScraperAuth (/home/soul/Escritorio/causas-backend/scripts/test-scraper-auth.js:60:24)
2026-06-11 14:51:23 [ERROR]: ❌ Error en el scraper autenticado {"error":"Failed to launch Firefox!\n\n","params":{"rol":"C-21503-2024","tribune":"273","competencia":"3","corteId":"90"}}
Error: Failed to launch Firefox!


    at onClose (/home/soul/node_modules/puppeteer-firefox/lib/Launcher.js:263:14)
    at Interface.<anonymous> (/home/soul/node_modules/puppeteer-firefox/lib/Launcher.js:252:50)
    at Interface.emit (node:events:521:24)
    at Interface.close (node:internal/readline/interface:555:10)
    at Socket.onend (node:internal/readline/interface:273:10)
    at Socket.emit (node:events:521:24)
    at endReadableNT (node:internal/streams/readable:1735:12)
    at process.processTicksAndRejections (node:internal/process/task_queues:90:21)
  -- ASYNC --
    at Puppeteer.<anonymous> (/home/soul/node_modules/puppeteer-firefox/lib/helper.js:32:15)
    at createFirefoxBrowser (/home/soul/Escritorio/causas-backend/utils/scrapper-auth.js:102:35)
    at getAuthScrapeInstance (/home/soul/Escritorio/causas-backend/utils/scrapper-auth.js:329:37)
    at process.processTicksAndRejections (node:internal/process/task_queues:104:5)
    at async scrapRawDataAuth (/home/soul/Escritorio/causas-backend/utils/scrapper-auth.js:399:31)
    at async testScraperAuth (/home/soul/Escritorio/causas-backend/scripts/test-scraper-auth.js:60:24)
2026-06-11 15:38:02 [ERROR]: ❌ Error en scraper {"error":"page.waitForSelector: Timeout 30000ms exceeded.\nCall log:\n\u001b[2m  - waiting for locator('select#competencia') to be visible\u001b[22m\n\u001b[2m    - waiting for\" https://oficinajudicialvirtual.pjud.cl/indexN.php\" navigation to finish...\u001b[22m\n\u001b[2m    - navigated to \"https://oficinajudicialvirtual.pjud.cl/indexN.php\"\u001b[22m\n"}
page.waitForSelector: Timeout 30000ms exceeded.
Call log:
[2m  - waiting for locator('select#competencia') to be visible[22m
[2m    - waiting for" https://oficinajudicialvirtual.pjud.cl/indexN.php" navigation to finish...[22m
[2m    - navigated to "https://oficinajudicialvirtual.pjud.cl/indexN.php"[22m

    at UnifiedQuery.goUnifiedQuery (/home/soul/Escritorio/causas-backend/utils/causes/unified-query/unified-query.js:90:33)
    at async UnifiedQuery.factory (/home/soul/Escritorio/causas-backend/utils/causes/unified-query/unified-query.js:36:9)
    at async scrapRawDataAuth (/home/soul/Escritorio/causas-backend/utils/scrapper-auth.js:248:5)
    at async testScraperAuth (/home/soul/Escritorio/causas-backend/scripts/test-scraper-auth.js:60:24)
2026-06-11 15:39:25 [ERROR]: ❌ Error en scraper {"error":"Could not find expected browser (chrome) locally. Run `npm install` to download the correct Chromium revision (1022525)."}
Error: Could not find expected browser (chrome) locally. Run `npm install` to download the correct Chromium revision (1022525).
    at ChromeLauncher.launch (/home/soul/Escritorio/causas-backend/node_modules/puppeteer/lib/cjs/puppeteer/node/ChromeLauncher.js:70:23)
    at PuppeteerNode.launch (/home/soul/Escritorio/causas-backend/node_modules/puppeteer/lib/cjs/puppeteer/node/Puppeteer.js:146:31)
    at PuppeteerExtra.launch (/home/soul/Escritorio/causas-backend/node_modules/puppeteer-extra/dist/index.cjs.js:128:41)
    at async createBrowserWithCookies (/home/soul/Escritorio/causas-backend/utils/scrapper-auth.js:46:19)
    at async scrapRawDataAuth (/home/soul/Escritorio/causas-backend/utils/scrapper-auth.js:90:31)
    at async testScraperAuth (/home/soul/Escritorio/causas-backend/scripts/test-scraper-auth.js:60:24)
2026-06-14 02:19:29 [ERROR]: Error en scrapRawDataAuth {"error":"waiting for selector `select#competencia` failed: timeout 30000ms exceeded","rol":"C-21503-2024"}
TimeoutError: waiting for selector `select#competencia` failed: timeout 30000ms exceeded
    at new WaitTask (/home/soul/Escritorio/causas-backend/node_modules/puppeteer/lib/cjs/puppeteer/common/DOMWorld.js:636:34)
    at DOMWorld._waitForSelectorInPage (/home/soul/Escritorio/causas-backend/node_modules/puppeteer/lib/cjs/puppeteer/common/DOMWorld.js:520:26)
    at internalHandler.waitFor (/home/soul/Escritorio/causas-backend/node_modules/puppeteer/lib/cjs/puppeteer/common/QueryHandler.js:34:29)
    at DOMWorld.waitForSelector (/home/soul/Escritorio/causas-backend/node_modules/puppeteer/lib/cjs/puppeteer/common/DOMWorld.js:455:36)
    at Frame.waitForSelector (/home/soul/Escritorio/causas-backend/node_modules/puppeteer/lib/cjs/puppeteer/common/FrameManager.js:980:51)
    at Page.waitForSelector (/home/soul/Escritorio/causas-backend/node_modules/puppeteer/lib/cjs/puppeteer/common/Page.js:2221:39)
    at UnifiedQuery.goUnifiedQuery (/home/soul/Escritorio/causas-backend/utils/causes/unified-query/unified-query.js:102:37)
    at async UnifiedQuery.factory (/home/soul/Escritorio/causas-backend/utils/causes/unified-query/unified-query.js:38:9)
    at async scrapRawDataAuth (/home/soul/Escritorio/causas-backend/utils/scrapper-auth.js:246:9)
    at async testScraperAuth (/home/soul/Escritorio/causas-backend/scripts/test-scraper-auth.js:60:24)
2026-06-14 02:52:23 [ERROR]: Error en scrapRawDataAuth {"error":"No se pudo encontrar el botón de Clave Única","rol":"C-21503-2024"}
Error: No se pudo encontrar el botón de Clave Única
    at scrapRawDataAuth (/home/soul/Escritorio/causas-backend/utils/scrapper-auth.js:231:23)
    at async testScraperAuth (/home/soul/Escritorio/causas-backend/scripts/test-scraper-auth.js:60:24)
2026-06-14 03:14:01 [ERROR]: Error en scrapRawDataAuth {"error":"waiting for selector `tbody#verDetalle, .alert-danger, .alert-warning` failed: timeout 30000ms exceeded","rol":"C-21503-2024"}
TimeoutError: waiting for selector `tbody#verDetalle, .alert-danger, .alert-warning` failed: timeout 30000ms exceeded
    at new WaitTask (/home/soul/Escritorio/causas-backend/node_modules/puppeteer/lib/cjs/puppeteer/common/DOMWorld.js:636:34)
    at DOMWorld._waitForSelectorInPage (/home/soul/Escritorio/causas-backend/node_modules/puppeteer/lib/cjs/puppeteer/common/DOMWorld.js:520:26)
    at internalHandler.waitFor (/home/soul/Escritorio/causas-backend/node_modules/puppeteer/lib/cjs/puppeteer/common/QueryHandler.js:34:29)
    at DOMWorld.waitForSelector (/home/soul/Escritorio/causas-backend/node_modules/puppeteer/lib/cjs/puppeteer/common/DOMWorld.js:455:36)
    at Frame.waitForSelector (/home/soul/Escritorio/causas-backend/node_modules/puppeteer/lib/cjs/puppeteer/common/FrameManager.js:980:51)
    at Page.waitForSelector (/home/soul/Escritorio/causas-backend/node_modules/puppeteer/lib/cjs/puppeteer/common/Page.js:2221:39)
    at UnifiedQuery.applyFilter (/home/soul/Escritorio/causas-backend/utils/causes/unified-query/unified-query.js:202:29)
    at async scrapRawDataAuth (/home/soul/Escritorio/causas-backend/utils/scrapper-auth.js:191:9)
    at async testScraperAuth (/home/soul/Escritorio/causas-backend/scripts/test-scraper-auth.js:60:24)
2026-06-14 15:32:59 [ERROR]: Error en scrapRawData {"error":"Navigation timeout of 30000 ms exceeded","rol":"C-21503-2024"}
TimeoutError: Navigation timeout of 30000 ms exceeded
    at LifecycleWatcher._LifecycleWatcher_createTimeoutPromise (/home/soul/Escritorio/causas-backend/node_modules/puppeteer/lib/cjs/puppeteer/common/LifecycleWatcher.js:146:12)
    at async FrameManager.waitForFrameNavigation (/home/soul/Escritorio/causas-backend/node_modules/puppeteer/lib/cjs/puppeteer/common/FrameManager.js:209:23)
    at async Frame.waitForNavigation (/home/soul/Escritorio/causas-backend/node_modules/puppeteer/lib/cjs/puppeteer/common/FrameManager.js:613:16)
    at async Page.waitForNavigation (/home/soul/Escritorio/causas-backend/node_modules/puppeteer/lib/cjs/puppeteer/common/Page.js:1150:16)
    at async UnifiedQuery.goUnifiedQuery (/home/soul/Escritorio/causas-backend/utils/causes/unified-query/unified-query.js:81:17)
    at async UnifiedQuery.factory (/home/soul/Escritorio/causas-backend/utils/causes/unified-query/unified-query.js:38:9)
    at async scrapRawData (/home/soul/Escritorio/causas-backend/utils/scrapper.js:152:5)
    at async updateCase (/home/soul/Escritorio/causas-backend/resolvers.js:1327:23)
2026-06-14 15:32:59 [ERROR]: ❌ Error en updateCase: {"error":"Navigation timeout of 30000 ms exceeded"}
TimeoutError: Navigation timeout of 30000 ms exceeded
    at LifecycleWatcher._LifecycleWatcher_createTimeoutPromise (/home/soul/Escritorio/causas-backend/node_modules/puppeteer/lib/cjs/puppeteer/common/LifecycleWatcher.js:146:12)
    at async FrameManager.waitForFrameNavigation (/home/soul/Escritorio/causas-backend/node_modules/puppeteer/lib/cjs/puppeteer/common/FrameManager.js:209:23)
    at async Frame.waitForNavigation (/home/soul/Escritorio/causas-backend/node_modules/puppeteer/lib/cjs/puppeteer/common/FrameManager.js:613:16)
    at async Page.waitForNavigation (/home/soul/Escritorio/causas-backend/node_modules/puppeteer/lib/cjs/puppeteer/common/Page.js:1150:16)
    at async UnifiedQuery.goUnifiedQuery (/home/soul/Escritorio/causas-backend/utils/causes/unified-query/unified-query.js:81:17)
    at async UnifiedQuery.factory (/home/soul/Escritorio/causas-backend/utils/causes/unified-query/unified-query.js:38:9)
    at async scrapRawData (/home/soul/Escritorio/causas-backend/utils/scrapper.js:152:5)
    at async updateCase (/home/soul/Escritorio/causas-backend/resolvers.js:1327:23)
2026-06-14 15:32:59 [ERROR]: Error en scrapRawData {"error":"Navigation timeout of 30000 ms exceeded","rol":"C-21503-2024"}
TimeoutError: Navigation timeout of 30000 ms exceeded
    at LifecycleWatcher._LifecycleWatcher_createTimeoutPromise (/home/soul/Escritorio/causas-backend/node_modules/puppeteer/lib/cjs/puppeteer/common/LifecycleWatcher.js:146:12)
    at async FrameManager.waitForFrameNavigation (/home/soul/Escritorio/causas-backend/node_modules/puppeteer/lib/cjs/puppeteer/common/FrameManager.js:209:23)
    at async Frame.waitForNavigation (/home/soul/Escritorio/causas-backend/node_modules/puppeteer/lib/cjs/puppeteer/common/FrameManager.js:613:16)
    at async Page.waitForNavigation (/home/soul/Escritorio/causas-backend/node_modules/puppeteer/lib/cjs/puppeteer/common/Page.js:1150:16)
    at async UnifiedQuery.goUnifiedQuery (/home/soul/Escritorio/causas-backend/utils/causes/unified-query/unified-query.js:81:17)
    at async UnifiedQuery.factory (/home/soul/Escritorio/causas-backend/utils/causes/unified-query/unified-query.js:38:9)
    at async scrapRawData (/home/soul/Escritorio/causas-backend/utils/scrapper.js:152:5)
    at async updateCase (/home/soul/Escritorio/causas-backend/resolvers.js:1327:23)
2026-06-14 15:32:59 [ERROR]: ❌ Error en updateCase: {"error":"Navigation timeout of 30000 ms exceeded"}
TimeoutError: Navigation timeout of 30000 ms exceeded
    at LifecycleWatcher._LifecycleWatcher_createTimeoutPromise (/home/soul/Escritorio/causas-backend/node_modules/puppeteer/lib/cjs/puppeteer/common/LifecycleWatcher.js:146:12)
    at async FrameManager.waitForFrameNavigation (/home/soul/Escritorio/causas-backend/node_modules/puppeteer/lib/cjs/puppeteer/common/FrameManager.js:209:23)
    at async Frame.waitForNavigation (/home/soul/Escritorio/causas-backend/node_modules/puppeteer/lib/cjs/puppeteer/common/FrameManager.js:613:16)
    at async Page.waitForNavigation (/home/soul/Escritorio/causas-backend/node_modules/puppeteer/lib/cjs/puppeteer/common/Page.js:1150:16)
    at async UnifiedQuery.goUnifiedQuery (/home/soul/Escritorio/causas-backend/utils/causes/unified-query/unified-query.js:81:17)
    at async UnifiedQuery.factory (/home/soul/Escritorio/causas-backend/utils/causes/unified-query/unified-query.js:38:9)
    at async scrapRawData (/home/soul/Escritorio/causas-backend/utils/scrapper.js:152:5)
    at async updateCase (/home/soul/Escritorio/causas-backend/resolvers.js:1327:23)
